2023-07-20 16:07:27,823 - DEBUG - Load Database from SF
2023-07-20 16:07:27,873 - DEBUG - Starting new HTTPS connection (1): test.salesforce.com:443
2023-07-20 16:07:28,221 - DEBUG - https://test.salesforce.com:443 "POST /services/oauth2/token HTTP/1.1" 200 None
2023-07-20 16:07:28,300 - DEBUG - Starting new HTTPS connection (1): allinenergy--omnivore.sandbox.my.salesforce.com:443
2023-07-20 16:07:28,662 - DEBUG - https://allinenergy--omnivore.sandbox.my.salesforce.com:443 "GET /services/data/v52.0/query/?q=SELECT+Id%2C+Street__c%2C+Unit__c%2C+City__c%2C+State__c%2C+Zipcode__c%2C+Name%2C+HEA_Date_And_Time__c%2C+CloseDate%2C+StageName%2C+Health_Safety_Barrier_Status__c%2C+Health_Safety_Barrier__c%2C+isVHEA__c%2C+Weatherization_Status__c%2C+Weatherization_Date_Time__c%2C+Contract_Amount__c%2C+Final_Contract_Amount__c%2C+AccountId%2C+RecordTypeId%2C+ID_from_HPC__c%2C+Owner_Renter__c%2C+All_In_Energy_ID__c%2C+Staff_acc__c%2C+Don_t_Omnivore__c%2C+Set_By__c%2C+Cancelation_Reason_s__c%2C+Legacy_Post_Assessment_Notes__c%2C+HPC__c%2C+CampaignId+FROM+Opportunity+WHERE+RecordTypeID+IN+%28%270123i000000YF7QAAW%27%2C+%270123i000000YiBoAAK%27%2C+%270123i000000YnfmAAC%27%2C+%270123i000000Ys96AAC%27%2C+%270128Z000000230CQAQ%27%29 HTTP/1.1" 200 None
2023-07-20 16:07:28,884 - DEBUG - https://allinenergy--omnivore.sandbox.my.salesforce.com:443 "GET /services/data/v52.0/query/?q=SELECT+Id%2C+BillingStreet%2C+BillingCity%2C+BillingState%2C+BillingPostalCode%2C+FirstName%2C+LastName%2C+Phone%2C+PersonEmail%2C+Gas_Utility__c%2C+Electric_Utility__c%2C+RecordTypeId%2C+Owner_Renter__c%2C+All_In_Energy_ID__c%2C+Field_Staff__c%2C+Prefered_Lan__c+FROM+Account+WHERE+RecordTypeID+IN+%28%270123i000000YGesAAG%27%2C+%270128Z0000002307QAA%27%29 HTTP/1.1" 200 None
2023-07-20 16:07:28,889 - DEBUG - Finsihed loading Database from SF
2023-07-20 16:07:28,889 - DEBUG - Start Processing Neeeco
2023-07-20 16:07:54,249 - DEBUG - Neeeco execution started at: 2023-07-20 16:07:54
2023-07-20 16:07:54,284 - DEBUG - Number of new rows added in Neeeco : 0
2023-07-20 16:07:54,284 - DEBUG - Number of rows updated in Neeeco : 16
2023-07-20 16:07:54,284 - DEBUG - Neeeco execution ended at: 2023-07-20 16:07:54
2023-07-20 16:07:54,290 - DEBUG - Using selector: KqueueSelector
2023-07-20 16:07:54,297 - DEBUG - Starting new HTTPS connection (2): allinenergy--omnivore.sandbox.my.salesforce.com:443
2023-07-20 16:07:54,299 - DEBUG - Starting new HTTPS connection (3): allinenergy--omnivore.sandbox.my.salesforce.com:443
2023-07-20 16:07:54,300 - DEBUG - Starting new HTTPS connection (4): allinenergy--omnivore.sandbox.my.salesforce.com:443
2023-07-20 16:07:54,300 - DEBUG - Starting new HTTPS connection (5): allinenergy--omnivore.sandbox.my.salesforce.com:443
2023-07-20 16:07:54,301 - DEBUG - Starting new HTTPS connection (6): allinenergy--omnivore.sandbox.my.salesforce.com:443
2023-07-20 16:07:54,301 - DEBUG - Starting new HTTPS connection (7): allinenergy--omnivore.sandbox.my.salesforce.com:443
2023-07-20 16:07:54,311 - DEBUG - Starting new HTTPS connection (8): allinenergy--omnivore.sandbox.my.salesforce.com:443
2023-07-20 16:07:54,311 - DEBUG - Starting new HTTPS connection (9): allinenergy--omnivore.sandbox.my.salesforce.com:443
2023-07-20 16:07:54,311 - DEBUG - Starting new HTTPS connection (10): allinenergy--omnivore.sandbox.my.salesforce.com:443
2023-07-20 16:07:54,311 - DEBUG - Starting new HTTPS connection (11): allinenergy--omnivore.sandbox.my.salesforce.com:443
2023-07-20 16:07:54,311 - DEBUG - Starting new HTTPS connection (12): allinenergy--omnivore.sandbox.my.salesforce.com:443
2023-07-20 16:07:55,018 - DEBUG - https://allinenergy--omnivore.sandbox.my.salesforce.com:443 "POST /services/data/v52.0/sobjects/Opportunity/ HTTP/1.1" 400 None
2023-07-20 16:07:55,018 - DEBUG - https://allinenergy--omnivore.sandbox.my.salesforce.com:443 "POST /services/data/v52.0/sobjects/Opportunity/ HTTP/1.1" 400 None
2023-07-20 16:07:55,019 - DEBUG - https://allinenergy--omnivore.sandbox.my.salesforce.com:443 "POST /services/data/v52.0/sobjects/Opportunity/ HTTP/1.1" 400 None
2023-07-20 16:07:55,019 - DEBUG - https://allinenergy--omnivore.sandbox.my.salesforce.com:443 "POST /services/data/v52.0/sobjects/Opportunity/ HTTP/1.1" 400 None
2023-07-20 16:07:55,019 - DEBUG - https://allinenergy--omnivore.sandbox.my.salesforce.com:443 "POST /services/data/v52.0/sobjects/Opportunity/ HTTP/1.1" 400 None
2023-07-20 16:07:55,020 - DEBUG - https://allinenergy--omnivore.sandbox.my.salesforce.com:443 "POST /services/data/v52.0/sobjects/Opportunity/ HTTP/1.1" 400 None
2023-07-20 16:07:55,020 - DEBUG - https://allinenergy--omnivore.sandbox.my.salesforce.com:443 "POST /services/data/v52.0/sobjects/Opportunity/ HTTP/1.1" 400 None
2023-07-20 16:07:55,021 - DEBUG - https://allinenergy--omnivore.sandbox.my.salesforce.com:443 "POST /services/data/v52.0/sobjects/Opportunity/ HTTP/1.1" 400 None
2023-07-20 16:07:55,021 - DEBUG - https://allinenergy--omnivore.sandbox.my.salesforce.com:443 "POST /services/data/v52.0/sobjects/Opportunity/ HTTP/1.1" 400 None
2023-07-20 16:07:55,021 - DEBUG - https://allinenergy--omnivore.sandbox.my.salesforce.com:443 "POST /services/data/v52.0/sobjects/Opportunity/ HTTP/1.1" 400 None
2023-07-20 16:07:55,022 - ERROR - {'Street__c': '4 Intervale Rd', 'Unit__c': '', 'City__c': 'Arlington', 'Zipcode__c': 2474, 'Name': 'Amy & Victor Martins', 'HEA_Date_And_Time__c': '2020-11-05T00:00:00.000-07:00', 'CloseDate': '2020-11-02T00:00:00.000-07:00', 'StageName': 'No Opportunity', 'isVHEA__c': True, 'AccountId': '0017600000Z4NRzAAN', 'RecordTypeId': '0128Z000000230CQAQ', 'ID_from_HPC__c': 251024675, 'HPC__c': '0013i00000AtGAvAAN', 'CampaignId': '7018Z0000033D6x'}
2023-07-20 16:07:55,023 - ERROR - {'Street__c': '105 Grover St', 'Unit__c': '', 'City__c': 'Revere', 'Zipcode__c': 2151, 'Name': 'Erla Da Silva', 'HEA_Date_And_Time__c': '2023-06-13T00:00:00.000-07:00', 'CloseDate': '2023-05-23T00:00:00.000-07:00', 'StageName': 'No Opportunity', 'isVHEA__c': False, 'AccountId': '0017600000Z4NR1AAN', 'RecordTypeId': '0128Z000000230CQAQ', 'ID_from_HPC__c': 278405810, 'Owner_Renter__c': 'Owner', 'Legacy_Post_Assessment_Notes__c': 'Heat Pumps', 'HPC__c': '0013i00000AtGAvAAN', 'CampaignId': '7013i000000i5vqAAA'}
2023-07-20 16:07:55,023 - ERROR - {'Street__c': '12 St. Paul St.', 'Unit__c': 'Unit 3', 'City__c': 'Cambridge', 'Zipcode__c': 2139, 'Name': 'Austin Che', 'CloseDate': '2019-06-05T00:00:00.000-07:00', 'StageName': 'Canceled', 'isVHEA__c': False, 'AccountId': '0017600000Z4N4qAAF', 'RecordTypeId': '0128Z000000230CQAQ', 'ID_from_HPC__c': 231904294, 'Cancelation_Reason_s__c': 'Not Interested', 'HPC__c': '0013i00000AtGAvAAN', 'CampaignId': '7013i000000i5vCAAQ'}
2023-07-20 16:07:55,024 - ERROR - {'Street__c': '161 Central St', 'Unit__c': 'Unit 1', 'City__c': 'Framingham', 'Zipcode__c': 1701, 'Name': 'James Marious', 'HEA_Date_And_Time__c': '2022-02-15T00:00:00.000-07:00', 'CloseDate': '2022-01-04T00:00:00.000-07:00', 'StageName': 'Signed Contracts', 'Health_Safety_Barrier_Status__c': 'Barrier Removed', 'isVHEA__c': False, 'Weatherization_Status__c': 'Not Yet Scheduled', 'Contract_Amount__c': 2742.58, 'AccountId': '0017600000Z4NRGAA3', 'RecordTypeId': '0128Z000000230CQAQ', 'ID_from_HPC__c': 265074847, 'HPC__c': '0013i00000AtGAvAAN', 'CampaignId': '7013i000000i5vbAAA'}
2023-07-20 16:07:55,024 - ERROR - {'Street__c': '16 Crescent St', 'Unit__c': '', 'City__c': 'Weston', 'Zipcode__c': 2493, 'Name': 'Ran Jing', 'CloseDate': '2021-11-08T00:00:00.000-07:00', 'StageName': 'Canceled', 'isVHEA__c': False, 'AccountId': '0017600000Z4NRVAA3', 'RecordTypeId': '0123i000000YF7QAAW', 'ID_from_HPC__c': 263919758, 'Cancelation_Reason_s__c': 'Not Interested', 'HPC__c': '0013i00000AtGAvAAN', 'CampaignId': ''}
2023-07-20 16:07:55,024 - ERROR - {'Street__c': '19 Desmond Rd.', 'Unit__c': '', 'City__c': 'Mattapan', 'Zipcode__c': 2126, 'Name': 'Louis Carter', 'HEA_Date_And_Time__c': '2019-03-05T00:00:00.000-07:00', 'CloseDate': '2019-02-19T00:00:00.000-07:00', 'StageName': 'Recommended - Unsigned', 'isVHEA__c': False, 'Contract_Amount__c': 2872.9, 'AccountId': '0017600000Z4NJKAA3', 'RecordTypeId': '0123i000000YF7QAAW', 'ID_from_HPC__c': 226303672, 'HPC__c': '0013i00000AtGAvAAN', 'CampaignId': ''}
2023-07-20 16:07:55,025 - ERROR - {'Street__c': '172 School Street', 'Unit__c': '', 'City__c': 'Framingham', 'Zipcode__c': 1701, 'Name': 'Stephen Keefe', 'HEA_Date_And_Time__c': '2021-06-07T00:00:00.000-07:00', 'CloseDate': '2021-05-18T00:00:00.000-07:00', 'StageName': 'Health & Safety Barrier', 'Health_Safety_Barrier_Status__c': 'Not Attempted', 'Health_Safety_Barrier__c': 'Knob & Tube (Major); Mold/Moisture; Asbestos', 'isVHEA__c': False, 'AccountId': '0017600000Z4NRQAA3', 'RecordTypeId': '0128Z000000230CQAQ', 'ID_from_HPC__c': 258438371, 'HPC__c': '0013i00000AtGAvAAN', 'CampaignId': '7013i000000i5vbAAA'}
2023-07-20 16:07:55,025 - ERROR - {'Street__c': '80 Bellingham St', 'Unit__c': 'Unit 1', 'City__c': 'Chelsea', 'Zipcode__c': 2150, 'Name': 'Amarilys Amy Rodriguez', 'CloseDate': '2021-04-06T00:00:00.000-07:00', 'StageName': 'Canceled', 'isVHEA__c': True, 'AccountId': '0017600000Z4NR6AAN', 'RecordTypeId': '0128Z000000230CQAQ', 'ID_from_HPC__c': 257048632, 'Cancelation_Reason_s__c': 'Unresponsive', 'HPC__c': '0013i00000AtGAvAAN', 'CampaignId': '7013i000000i5vqAAA'}
2023-07-20 16:07:55,025 - ERROR - {'Street__c': '46 William St', 'Unit__c': '', 'City__c': 'Cambridge', 'Zipcode__c': 2139, 'Name': 'Theresa Betancourt', 'HEA_Date_And_Time__c': '2020-11-04T00:00:00.000-07:00', 'CloseDate': '2020-10-06T00:00:00.000-07:00', 'StageName': 'No Opportunity', 'Health_Safety_Barrier_Status__c': 'Barrier Removed', 'isVHEA__c': True, 'AccountId': '0017600000Z4NRLAA3', 'RecordTypeId': '0128Z000000230CQAQ', 'ID_from_HPC__c': 251131858, 'HPC__c': '0013i00000AtGAvAAN', 'CampaignId': '7013i000000i5vCAAQ'}
2023-07-20 16:07:55,026 - ERROR - {'Street__c': '1 Riverview Blvd', 'Unit__c': '6-201', 'City__c': 'Methuen', 'Zipcode__c': 1844, 'Name': 'Rachel Ling', 'CloseDate': '2020-06-19T00:00:00.000-07:00', 'StageName': 'Canceled', 'isVHEA__c': False, 'AccountId': '0017600000Z4NQnAAN', 'RecordTypeId': '0128Z000000230CQAQ', 'ID_from_HPC__c': 247692820, 'Cancelation_Reason_s__c': '5+ units', 'HPC__c': '0013i00000AtGAvAAN', 'CampaignId': '7013i000000i5vNAAQ'}
2023-07-20 16:07:55,026 - ERROR - failed to update after create
2023-07-20 16:07:55,026 - ERROR - failed to update after create
2023-07-20 16:07:55,026 - ERROR - failed to update after create
2023-07-20 16:07:55,026 - ERROR - failed to update after create
2023-07-20 16:07:55,026 - ERROR - failed to update after create
2023-07-20 16:07:55,026 - ERROR - failed to update after create
2023-07-20 16:07:55,026 - ERROR - failed to update after create
2023-07-20 16:07:55,026 - ERROR - failed to update after create
2023-07-20 16:07:55,026 - ERROR - failed to update after create
2023-07-20 16:07:55,026 - ERROR - failed to update after create
2023-07-20 16:07:55,026 - ERROR - Malformed request https://allinenergy--omnivore.sandbox.my.salesforce.com/services/data/v52.0/sobjects/Opportunity/. Response content: [{'message': 'insufficient access rights on cross-reference id: 7018Z0000033D6x', 'errorCode': 'INSUFFICIENT_ACCESS_ON_CROSS_REFERENCE_ENTITY', 'fields': []}]
2023-07-20 16:07:55,026 - ERROR - Malformed request https://allinenergy--omnivore.sandbox.my.salesforce.com/services/data/v52.0/sobjects/Opportunity/. Response content: [{'message': 'insufficient access rights on cross-reference id: 7013i000000i5vq', 'errorCode': 'INSUFFICIENT_ACCESS_ON_CROSS_REFERENCE_ENTITY', 'fields': []}]
2023-07-20 16:07:55,026 - ERROR - Malformed request https://allinenergy--omnivore.sandbox.my.salesforce.com/services/data/v52.0/sobjects/Opportunity/. Response content: [{'message': 'insufficient access rights on cross-reference id: 7013i000000i5vC', 'errorCode': 'INSUFFICIENT_ACCESS_ON_CROSS_REFERENCE_ENTITY', 'fields': []}]
2023-07-20 16:07:55,027 - ERROR - Malformed request https://allinenergy--omnivore.sandbox.my.salesforce.com/services/data/v52.0/sobjects/Opportunity/. Response content: [{'message': 'insufficient access rights on cross-reference id: 7013i000000i5vb', 'errorCode': 'INSUFFICIENT_ACCESS_ON_CROSS_REFERENCE_ENTITY', 'fields': []}]
2023-07-20 16:07:55,027 - ERROR - Malformed request https://allinenergy--omnivore.sandbox.my.salesforce.com/services/data/v52.0/sobjects/Opportunity/. Response content: [{'message': 'insufficient access rights on cross-reference id: 0013i00000AtGAv', 'errorCode': 'INSUFFICIENT_ACCESS_ON_CROSS_REFERENCE_ENTITY', 'fields': []}]
2023-07-20 16:07:55,027 - ERROR - Malformed request https://allinenergy--omnivore.sandbox.my.salesforce.com/services/data/v52.0/sobjects/Opportunity/. Response content: [{'message': 'insufficient access rights on cross-reference id: 0013i00000AtGAv', 'errorCode': 'INSUFFICIENT_ACCESS_ON_CROSS_REFERENCE_ENTITY', 'fields': []}]
2023-07-20 16:07:55,027 - ERROR - Malformed request https://allinenergy--omnivore.sandbox.my.salesforce.com/services/data/v52.0/sobjects/Opportunity/. Response content: [{'message': 'insufficient access rights on cross-reference id: 7013i000000i5vb', 'errorCode': 'INSUFFICIENT_ACCESS_ON_CROSS_REFERENCE_ENTITY', 'fields': []}]
2023-07-20 16:07:55,027 - ERROR - Malformed request https://allinenergy--omnivore.sandbox.my.salesforce.com/services/data/v52.0/sobjects/Opportunity/. Response content: [{'message': 'insufficient access rights on cross-reference id: 7013i000000i5vq', 'errorCode': 'INSUFFICIENT_ACCESS_ON_CROSS_REFERENCE_ENTITY', 'fields': []}]
2023-07-20 16:07:55,027 - ERROR - Malformed request https://allinenergy--omnivore.sandbox.my.salesforce.com/services/data/v52.0/sobjects/Opportunity/. Response content: [{'message': 'insufficient access rights on cross-reference id: 7013i000000i5vC', 'errorCode': 'INSUFFICIENT_ACCESS_ON_CROSS_REFERENCE_ENTITY', 'fields': []}]
2023-07-20 16:07:55,027 - ERROR - Malformed request https://allinenergy--omnivore.sandbox.my.salesforce.com/services/data/v52.0/sobjects/Opportunity/. Response content: [{'message': 'insufficient access rights on cross-reference id: 7013i000000i5vN', 'errorCode': 'INSUFFICIENT_ACCESS_ON_CROSS_REFERENCE_ENTITY', 'fields': []}]
2023-07-20 16:07:55,058 - DEBUG - https://allinenergy--omnivore.sandbox.my.salesforce.com:443 "POST /services/data/v52.0/sobjects/Opportunity/ HTTP/1.1" 400 None
2023-07-20 16:07:55,058 - ERROR - {'Street__c': '696 Bennington St', 'Unit__c': 'Unit 1', 'City__c': 'East Boston', 'Zipcode__c': 2128, 'Name': 'Abraham Bustillo', 'HEA_Date_And_Time__c': '2022-01-18T00:00:00.000-07:00', 'CloseDate': '2021-12-07T00:00:00.000-07:00', 'StageName': 'Signed Contracts', 'isVHEA__c': False, 'Weatherization_Status__c': 'Completed', 'Weatherization_Date_Time__c': '2022-02-09T00:00:00.000-07:00', 'Contract_Amount__c': 8685.95, 'Final_Contract_Amount__c': 8492.81, 'AccountId': '0017600000Z4NIZAA3', 'RecordTypeId': '0123i000000YF7QAAW', 'ID_from_HPC__c': 258602497, 'HPC__c': '0013i00000AtGAvAAN', 'CampaignId': ''}
2023-07-20 16:07:55,058 - ERROR - failed to update after create
2023-07-20 16:07:55,058 - ERROR - Malformed request https://allinenergy--omnivore.sandbox.my.salesforce.com/services/data/v52.0/sobjects/Opportunity/. Response content: [{'message': 'insufficient access rights on cross-reference id: 0013i00000AtGAv', 'errorCode': 'INSUFFICIENT_ACCESS_ON_CROSS_REFERENCE_ENTITY', 'fields': []}]
2023-07-20 16:07:55,327 - DEBUG - https://allinenergy--omnivore.sandbox.my.salesforce.com:443 "POST /services/data/v52.0/sobjects/Account/ HTTP/1.1" 400 None
2023-07-20 16:07:55,328 - DEBUG - https://allinenergy--omnivore.sandbox.my.salesforce.com:443 "POST /services/data/v52.0/sobjects/Opportunity/ HTTP/1.1" 400 None
2023-07-20 16:07:55,328 - DEBUG - https://allinenergy--omnivore.sandbox.my.salesforce.com:443 "POST /services/data/v52.0/sobjects/Opportunity/ HTTP/1.1" 400 None
2023-07-20 16:07:55,328 - DEBUG - https://allinenergy--omnivore.sandbox.my.salesforce.com:443 "POST /services/data/v52.0/sobjects/Opportunity/ HTTP/1.1" 400 None
2023-07-20 16:07:55,331 - ERROR - {'Street__c': '64 Reservation Rd', 'Unit__c': '', 'City__c': 'Andover', 'Zipcode__c': 1810, 'Name': 'Evelyn Retelle', 'CloseDate': '2021-07-13T00:00:00.000-07:00', 'StageName': 'Canceled', 'isVHEA__c': False, 'AccountId': '0017600000Z4NKlAAN', 'RecordTypeId': '0128Z000000230CQAQ', 'ID_from_HPC__c': 260118657, 'Cancelation_Reason_s__c': 'Not Interested', 'HPC__c': '0013i00000AtGAvAAN', 'CampaignId': '7013i000000i5vNAAQ'}
2023-07-20 16:07:55,332 - WARNING - Connection pool is full, discarding connection: allinenergy--omnivore.sandbox.my.salesforce.com. Connection pool size: 10
2023-07-20 16:07:55,332 - WARNING - Connection pool is full, discarding connection: allinenergy--omnivore.sandbox.my.salesforce.com. Connection pool size: 10
2023-07-20 16:07:55,332 - ERROR - failed to update after create
2023-07-20 16:07:55,338 - ERROR - {'Street__c': '9 Horne St', 'Unit__c': 'Unit 1', 'City__c': 'Methuen', 'Zipcode__c': 1844, 'Name': 'Lidia Gamez', 'CloseDate': '2021-07-27T00:00:00.000-07:00', 'StageName': 'Canceled', 'isVHEA__c': False, 'AccountId': '0017600000Z4NRfAAN', 'RecordTypeId': '0128Z000000230CQAQ', 'ID_from_HPC__c': 260538339, 'Cancelation_Reason_s__c': 'No Reason', 'HPC__c': '0013i00000AtGAvAAN', 'CampaignId': '7013i000000i5vNAAQ'}
2023-07-20 16:07:55,341 - ERROR - {'Street__c': '12 Riverview Ave', 'Unit__c': '', 'City__c': 'Methuen', 'Zipcode__c': 1844, 'Name': 'Gloria Vallera', 'CloseDate': '2020-09-09T00:00:00.000-07:00', 'StageName': 'Canceled', 'isVHEA__c': True, 'AccountId': '0017600000Z4N4WAAV', 'RecordTypeId': '0128Z000000230CQAQ', 'ID_from_HPC__c': 250373222, 'Cancelation_Reason_s__c': 'Not Interested', 'HPC__c': '0013i00000AtGAvAAN', 'CampaignId': '7013i000000i5vNAAQ'}
2023-07-20 16:07:55,341 - ERROR - Malformed request https://allinenergy--omnivore.sandbox.my.salesforce.com/services/data/v52.0/sobjects/Opportunity/. Response content: [{'message': 'insufficient access rights on cross-reference id: 7013i000000i5vN', 'errorCode': 'INSUFFICIENT_ACCESS_ON_CROSS_REFERENCE_ENTITY', 'fields': []}]
2023-07-20 16:07:55,341 - ERROR - failed to update after create
2023-07-20 16:07:55,341 - ERROR - failed to update after create
2023-07-20 16:07:55,341 - ERROR - Malformed request https://allinenergy--omnivore.sandbox.my.salesforce.com/services/data/v52.0/sobjects/Opportunity/. Response content: [{'message': 'insufficient access rights on cross-reference id: 7013i000000i5vN', 'errorCode': 'INSUFFICIENT_ACCESS_ON_CROSS_REFERENCE_ENTITY', 'fields': []}]
2023-07-20 16:07:55,342 - ERROR - Malformed request https://allinenergy--omnivore.sandbox.my.salesforce.com/services/data/v52.0/sobjects/Opportunity/. Response content: [{'message': 'insufficient access rights on cross-reference id: 7013i000000i5vN', 'errorCode': 'INSUFFICIENT_ACCESS_ON_CROSS_REFERENCE_ENTITY', 'fields': []}]
2023-07-20 16:07:55,530 - DEBUG - https://allinenergy--omnivore.sandbox.my.salesforce.com:443 "POST /services/data/v52.0/sobjects/Opportunity/ HTTP/1.1" 400 None
2023-07-20 16:07:55,537 - ERROR - {'Street__c': '121 Cottage Street', 'Unit__c': 'Unit 2', 'City__c': 'Chelsea', 'Zipcode__c': 2150, 'Name': 'Julia Ruiz Libran', 'CloseDate': '2022-01-11T00:00:00.000-07:00', 'StageName': 'Canceled', 'isVHEA__c': False, 'AccountId': '0017600000Z4NRBAA3', 'RecordTypeId': '0128Z000000230CQAQ', 'ID_from_HPC__c': 265685621, 'Cancelation_Reason_s__c': 'Low Income', 'HPC__c': '0013i00000AtGAvAAN', 'CampaignId': '7013i000000i5vqAAA'}
2023-07-20 16:07:55,537 - ERROR - failed to update after create
2023-07-20 16:07:55,537 - ERROR - Malformed request https://allinenergy--omnivore.sandbox.my.salesforce.com/services/data/v52.0/sobjects/Opportunity/. Response content: [{'message': 'insufficient access rights on cross-reference id: 7013i000000i5vq', 'errorCode': 'INSUFFICIENT_ACCESS_ON_CROSS_REFERENCE_ENTITY', 'fields': []}]
2023-07-20 16:07:55,539 - ERROR - Error in Neeeco process.
2023-07-20 16:07:55,544 - ERROR - Traceback (most recent call last):
  File "/Users/ankit/Documents/Omnivore_Refactor/omnivore/app.py", line 217, in run_neeeco
    run(self.start_upload_to_salesforce(grouped_opps, NEEECO_ACCID))
  File "/opt/homebrew/Cellar/python@3.10/3.10.9/Frameworks/Python.framework/Versions/3.10/lib/python3.10/asyncio/runners.py", line 44, in run
    return loop.run_until_complete(main)
  File "/opt/homebrew/Cellar/python@3.10/3.10.9/Frameworks/Python.framework/Versions/3.10/lib/python3.10/asyncio/base_events.py", line 649, in run_until_complete
    return future.result()
  File "/Users/ankit/Documents/Omnivore_Refactor/omnivore/app.py", line 205, in start_upload_to_salesforce
    await gather(*[loop.run_in_executor(None, self.upload_to_salesforce, row, HPC_ID) for row in data])
  File "/opt/homebrew/Cellar/python@3.10/3.10.9/Frameworks/Python.framework/Versions/3.10/lib/python3.10/concurrent/futures/thread.py", line 58, in run
    result = self.fn(*self.args, **self.kwargs)
  File "/Users/ankit/Documents/Omnivore_Refactor/omnivore/app.py", line 185, in upload_to_salesforce
    raise err
  File "/Users/ankit/Documents/Omnivore_Refactor/omnivore/app.py", line 145, in upload_to_salesforce
    res: Create = self.sf.sf.Opportunity.create(payload)  # type:ignore
  File "/Users/ankit/Documents/Omnivore_Refactor/.venv/lib/python3.10/site-packages/simple_salesforce/api.py", line 840, in create
    result = self._call_salesforce(
  File "/Users/ankit/Documents/Omnivore_Refactor/.venv/lib/python3.10/site-packages/simple_salesforce/api.py", line 964, in _call_salesforce
    exception_handler(result, self.name)
  File "/Users/ankit/Documents/Omnivore_Refactor/.venv/lib/python3.10/site-packages/simple_salesforce/util.py", line 68, in exception_handler
    raise exc_cls(result.url, result.status_code, name, response_content)
simple_salesforce.exceptions.SalesforceMalformedRequest: Malformed request https://allinenergy--omnivore.sandbox.my.salesforce.com/services/data/v52.0/sobjects/Opportunity/. Response content: [{'message': 'insufficient access rights on cross-reference id: 7018Z0000033D6x', 'errorCode': 'INSUFFICIENT_ACCESS_ON_CROSS_REFERENCE_ENTITY', 'fields': []}]

2023-07-20 16:07:55,544 - ERROR - Malformed request https://allinenergy--omnivore.sandbox.my.salesforce.com/services/data/v52.0/sobjects/Opportunity/. Response content: [{'message': 'insufficient access rights on cross-reference id: 7018Z0000033D6x', 'errorCode': 'INSUFFICIENT_ACCESS_ON_CROSS_REFERENCE_ENTITY', 'fields': []}]
2023-07-20 16:07:55,546 - DEBUG - Start Processing Homeworks
2023-07-20 16:08:02,092 - ERROR - Error in Homeworks process.
2023-07-20 16:08:02,098 - ERROR - Traceback (most recent call last):
  File "/Users/ankit/Documents/Omnivore_Refactor/.venv/lib/python3.10/site-packages/pandas/core/indexes/base.py", line 3652, in get_loc
    return self._engine.get_loc(casted_key)
  File "pandas/_libs/index.pyx", line 147, in pandas._libs.index.IndexEngine.get_loc
  File "pandas/_libs/index.pyx", line 176, in pandas._libs.index.IndexEngine.get_loc
  File "pandas/_libs/hashtable_class_helper.pxi", line 7080, in pandas._libs.hashtable.PyObjectHashTable.get_item
  File "pandas/_libs/hashtable_class_helper.pxi", line 7088, in pandas._libs.hashtable.PyObjectHashTable.get_item
KeyError: 'ID_from_HPC__c'

The above exception was the direct cause of the following exception:

Traceback (most recent call last):
  File "/Users/ankit/Documents/Omnivore_Refactor/omnivore/app.py", line 231, in run_homeworks
    homeworks_output = rename_and_merge(old_data, new_data)
  File "/Users/ankit/Documents/Omnivore_Refactor/omnivore/homeworks/homeworks.py", line 100, in rename_and_merge
    homeworks_new_input['ID_from_HPC__c'] = homeworks_new_input['ID_from_HPC__c'].astype('str')
  File "/Users/ankit/Documents/Omnivore_Refactor/.venv/lib/python3.10/site-packages/pandas/core/frame.py", line 3761, in __getitem__
    indexer = self.columns.get_loc(key)
  File "/Users/ankit/Documents/Omnivore_Refactor/.venv/lib/python3.10/site-packages/pandas/core/indexes/base.py", line 3654, in get_loc
    raise KeyError(key) from err
KeyError: 'ID_from_HPC__c'

2023-07-20 16:08:02,098 - ERROR - 'ID_from_HPC__c'
2023-07-20 16:08:02,099 - DEBUG - Start Processing VHI
2023-07-20 16:08:05,882 - DEBUG - Using selector: KqueueSelector
2023-07-20 16:08:06,137 - DEBUG - https://allinenergy--omnivore.sandbox.my.salesforce.com:443 "POST /services/data/v52.0/sobjects/Opportunity/ HTTP/1.1" 400 None
2023-07-20 16:08:06,151 - DEBUG - https://allinenergy--omnivore.sandbox.my.salesforce.com:443 "POST /services/data/v52.0/sobjects/Opportunity/ HTTP/1.1" 400 None
2023-07-20 16:08:06,154 - DEBUG - https://allinenergy--omnivore.sandbox.my.salesforce.com:443 "POST /services/data/v52.0/sobjects/Opportunity/ HTTP/1.1" 400 None
2023-07-20 16:08:06,154 - DEBUG - https://allinenergy--omnivore.sandbox.my.salesforce.com:443 "POST /services/data/v52.0/sobjects/Opportunity/ HTTP/1.1" 400 None
2023-07-20 16:08:06,155 - ERROR - {'Street__c': '24 Hillside St', 'Unit__c': 'Flr 2nd', 'City__c': 'Haverhill', 'Name': 'Arianne Santos', 'HEA_Date_And_Time__c': '2022-10-28T13:00:00.000-07:00', 'CloseDate': '2022-10-28T13:00:00.000-07:00', 'StageName': 'No Opportunity', 'Health_Safety_Barrier__c': 'Knob & Tube (Minor)', 'AccountId': '0017600000Z4NIoAAN', 'RecordTypeId': '0128Z000000230CQAQ', 'ID_from_HPC__c': '2022-1096', 'HPC__c': '0013i00001600C3AAI', 'CampaignId': '7013i000000i5vNAAQ'}
2023-07-20 16:08:06,155 - DEBUG - https://allinenergy--omnivore.sandbox.my.salesforce.com:443 "POST /services/data/v52.0/sobjects/Opportunity/ HTTP/1.1" 400 None
2023-07-20 16:08:06,156 - ERROR - {'Street__c': '52-54 HILLSIDE AVE', 'Unit__c': '', 'City__c': 'Lawrence', 'Name': 'Francisco Horton-', 'HEA_Date_And_Time__c': '2023-02-03T15:00:00.000-07:00', 'CloseDate': '2023-02-03T15:00:00.000-07:00', 'StageName': 'Canceled', 'AccountId': '0017600000Z4NTbAAN', 'RecordTypeId': '0128Z000000230CQAQ', 'ID_from_HPC__c': '2022-1063', 'Cancelation_Reason_s__c': 'Low Income', 'HPC__c': '0013i00001600C3AAI', 'CampaignId': '7013i000000i5vNAAQ'}
2023-07-20 16:08:06,157 - ERROR - {'Street__c': '61 Wilmot Street', 'Unit__c': '', 'City__c': 'Lawrence', 'Zipcode__c': 1841, 'Name': 'Carlos Matos', 'HEA_Date_And_Time__c': '2022-11-14T13:00:00.000-07:00', 'CloseDate': '2022-11-14T13:00:00.000-07:00', 'StageName': 'Scheduled', 'AccountId': '0017600000Z4NTWAA3', 'RecordTypeId': '0128Z000000230CQAQ', 'ID_from_HPC__c': '2021-0594', 'Cancelation_Reason_s__c': 'Low Income', 'HPC__c': '0013i00001600C3AAI', 'CampaignId': '7013i000000i5vNAAQ'}
2023-07-20 16:08:06,157 - ERROR - failed to update after create
2023-07-20 16:08:06,158 - ERROR - failed to update after create
2023-07-20 16:08:06,158 - ERROR - failed to update after create
2023-07-20 16:08:06,158 - ERROR - Malformed request https://allinenergy--omnivore.sandbox.my.salesforce.com/services/data/v52.0/sobjects/Opportunity/. Response content: [{'message': 'insufficient access rights on cross-reference id: 7013i000000i5vN', 'errorCode': 'INSUFFICIENT_ACCESS_ON_CROSS_REFERENCE_ENTITY', 'fields': []}]
2023-07-20 16:08:06,158 - ERROR - Malformed request https://allinenergy--omnivore.sandbox.my.salesforce.com/services/data/v52.0/sobjects/Opportunity/. Response content: [{'message': 'insufficient access rights on cross-reference id: 7013i000000i5vN', 'errorCode': 'INSUFFICIENT_ACCESS_ON_CROSS_REFERENCE_ENTITY', 'fields': []}]
2023-07-20 16:08:06,158 - ERROR - Malformed request https://allinenergy--omnivore.sandbox.my.salesforce.com/services/data/v52.0/sobjects/Opportunity/. Response content: [{'message': 'insufficient access rights on cross-reference id: 7013i000000i5vN', 'errorCode': 'INSUFFICIENT_ACCESS_ON_CROSS_REFERENCE_ENTITY', 'fields': []}]
2023-07-20 16:08:06,167 - ERROR - {'Street__c': '116-118 Stearns Ave', 'Unit__c': 'Floor 3rd', 'City__c': 'Lawrence', 'Name': 'Jose Queliz-', 'HEA_Date_And_Time__c': '2021-08-25T10:00:00.000-07:00', 'CloseDate': '2021-08-25T10:00:00.000-07:00', 'StageName': 'Signed Contracts', 'Weatherization_Status__c': 'Completed', 'Final_Contract_Amount__c': 4791.6, 'AccountId': '0017600000Z4NRdAAN', 'RecordTypeId': '0128Z000000230CQAQ', 'ID_from_HPC__c': '2021-0347', 'HPC__c': '0013i00001600C3AAI', 'CampaignId': '7013i000000i5vNAAQ'}
2023-07-20 16:08:06,167 - ERROR - {'Street__c': '74 Ferry st', 'Unit__c': '', 'City__c': 'Lawrence LAWRENCE', 'Name': 'Rodolfo Nunez', 'HEA_Date_And_Time__c': '2022-08-05T10:00:00.000-07:00', 'CloseDate': '2022-08-05T10:00:00.000-07:00', 'StageName': 'Recommended - Unsigned', 'Final_Contract_Amount__c': 9564.89, 'AccountId': '0017600000Z4NSIAA3', 'RecordTypeId': '0123i000000YF7QAAW', 'ID_from_HPC__c': '2022-0942', 'HPC__c': '0013i00001600C3AAI', 'CampaignId': ''}
2023-07-20 16:08:06,167 - ERROR - failed to update after create
2023-07-20 16:08:06,167 - ERROR - failed to update after create
2023-07-20 16:08:06,167 - ERROR - Malformed request https://allinenergy--omnivore.sandbox.my.salesforce.com/services/data/v52.0/sobjects/Opportunity/. Response content: [{'message': 'insufficient access rights on cross-reference id: 7013i000000i5vN', 'errorCode': 'INSUFFICIENT_ACCESS_ON_CROSS_REFERENCE_ENTITY', 'fields': []}]
2023-07-20 16:08:06,168 - ERROR - Malformed request https://allinenergy--omnivore.sandbox.my.salesforce.com/services/data/v52.0/sobjects/Opportunity/. Response content: [{'message': 'insufficient access rights on cross-reference id: 0013i00001600C3', 'errorCode': 'INSUFFICIENT_ACCESS_ON_CROSS_REFERENCE_ENTITY', 'fields': []}]
2023-07-20 16:08:06,297 - DEBUG - https://allinenergy--omnivore.sandbox.my.salesforce.com:443 "POST /services/data/v52.0/sobjects/Opportunity/ HTTP/1.1" 400 None
2023-07-20 16:08:06,297 - DEBUG - https://allinenergy--omnivore.sandbox.my.salesforce.com:443 "POST /services/data/v52.0/sobjects/Opportunity/ HTTP/1.1" 400 None
2023-07-20 16:08:06,308 - ERROR - {'Street__c': '22- 24 Custer Street', 'Unit__c': '', 'City__c': 'Lawrence', 'Name': 'Nick Ambra 3rd unit', 'HEA_Date_And_Time__c': '2022-02-03T12:00:00.000-07:00', 'CloseDate': '2022-02-03T12:00:00.000-07:00', 'StageName': 'Signed Contracts', 'Weatherization_Status__c': 'Completed', 'Weatherization_Date_Time__c': '2022-08-29T00:00:00.000-07:00', 'Final_Contract_Amount__c': 16745.27, 'AccountId': '0017600000Z4NTgAAN', 'RecordTypeId': '0128Z000000230CQAQ', 'ID_from_HPC__c': '2022-bmf45', 'HPC__c': '0013i00001600C3AAI', 'CampaignId': '7013i000000i5vNAAQ'}
2023-07-20 16:08:06,308 - ERROR - failed to update after create
2023-07-20 16:08:06,308 - ERROR - Malformed request https://allinenergy--omnivore.sandbox.my.salesforce.com/services/data/v52.0/sobjects/Opportunity/. Response content: [{'message': 'insufficient access rights on cross-reference id: 7013i000000i5vN', 'errorCode': 'INSUFFICIENT_ACCESS_ON_CROSS_REFERENCE_ENTITY', 'fields': []}]
2023-07-20 16:08:06,314 - ERROR - {'Street__c': '50 52 oak st', 'Unit__c': '', 'City__c': 'Lawrence', 'Name': 'Richy Cabrera - unit 1', 'HEA_Date_And_Time__c': '2022-01-05T06:30:00.000-07:00', 'CloseDate': '2022-01-05T06:30:00.000-07:00', 'StageName': 'Recommended - Unsigned', 'Final_Contract_Amount__c': 9222.08, 'AccountId': '0017600000Z4NTRAA3', 'RecordTypeId': '0128Z000000230CQAQ', 'ID_from_HPC__c': '2021-0558', 'Cancelation_Reason_s__c': 'Low Income', 'HPC__c': '0013i00001600C3AAI', 'CampaignId': '7013i000000i5vNAAQ'}
2023-07-20 16:08:06,314 - ERROR - failed to update after create
2023-07-20 16:08:06,314 - ERROR - Malformed request https://allinenergy--omnivore.sandbox.my.salesforce.com/services/data/v52.0/sobjects/Opportunity/. Response content: [{'message': 'insufficient access rights on cross-reference id: 7013i000000i5vN', 'errorCode': 'INSUFFICIENT_ACCESS_ON_CROSS_REFERENCE_ENTITY', 'fields': []}]
2023-07-20 16:08:06,361 - DEBUG - https://allinenergy--omnivore.sandbox.my.salesforce.com:443 "POST /services/data/v52.0/sobjects/Opportunity/ HTTP/1.1" 400 None
2023-07-20 16:08:06,363 - DEBUG - https://allinenergy--omnivore.sandbox.my.salesforce.com:443 "POST /services/data/v52.0/sobjects/Opportunity/ HTTP/1.1" 400 None
2023-07-20 16:08:06,376 - ERROR - {'Street__c': '16 gilbert Ave', 'Unit__c': '', 'City__c': 'Haverhill', 'Name': 'Maseray Medley - unit 1', 'HEA_Date_And_Time__c': '2022-02-17T10:00:00.000-07:00', 'CloseDate': '2022-02-17T10:00:00.000-07:00', 'StageName': 'Signed Contracts', 'Health_Safety_Barrier__c': 'Other', 'Weatherization_Status__c': 'Completed', 'Weatherization_Date_Time__c': '2022-09-06T00:00:00.000-07:00', 'Final_Contract_Amount__c': 5426.62, 'AccountId': '0017600000Z4NRgAAN', 'RecordTypeId': '0128Z000000230CQAQ', 'ID_from_HPC__c': '2022-0760A', 'HPC__c': '0013i00001600C3AAI', 'CampaignId': '7013i000000i5vNAAQ'}
2023-07-20 16:08:06,376 - ERROR - failed to update after create
2023-07-20 16:08:06,376 - ERROR - Malformed request https://allinenergy--omnivore.sandbox.my.salesforce.com/services/data/v52.0/sobjects/Opportunity/. Response content: [{'message': 'insufficient access rights on cross-reference id: 7013i000000i5vN', 'errorCode': 'INSUFFICIENT_ACCESS_ON_CROSS_REFERENCE_ENTITY', 'fields': []}]
2023-07-20 16:08:06,383 - ERROR - {'Street__c': '50 Loring St', 'Unit__c': '', 'City__c': 'Lawrence', 'Name': 'Eduardo Rosario', 'HEA_Date_And_Time__c': '2022-11-08T13:00:00.000-07:00', 'CloseDate': '2022-11-08T13:00:00.000-07:00', 'StageName': 'Signed Contracts', 'Weatherization_Status__c': 'Completed', 'Weatherization_Date_Time__c': '2023-02-02T00:00:00.000-07:00', 'Final_Contract_Amount__c': 5932.67, 'AccountId': '0017600000Z4NRCAA3', 'RecordTypeId': '0128Z000000230CQAQ', 'ID_from_HPC__c': '2021-0378', 'Cancelation_Reason_s__c': 'Low Income', 'HPC__c': '0013i00001600C3AAI', 'CampaignId': '7013i000000i5vNAAQ'}
2023-07-20 16:08:06,383 - ERROR - failed to update after create
2023-07-20 16:08:06,383 - ERROR - Malformed request https://allinenergy--omnivore.sandbox.my.salesforce.com/services/data/v52.0/sobjects/Opportunity/. Response content: [{'message': 'insufficient access rights on cross-reference id: 7013i000000i5vN', 'errorCode': 'INSUFFICIENT_ACCESS_ON_CROSS_REFERENCE_ENTITY', 'fields': []}]
2023-07-20 16:08:06,384 - ERROR - Error in VHI process.
2023-07-20 16:08:06,385 - ERROR - Traceback (most recent call last):
  File "/Users/ankit/Documents/Omnivore_Refactor/omnivore/app.py", line 250, in run_vhi
    run(self.start_upload_to_salesforce(grouped_opps, VHI_ACCID))
  File "/opt/homebrew/Cellar/python@3.10/3.10.9/Frameworks/Python.framework/Versions/3.10/lib/python3.10/asyncio/runners.py", line 44, in run
    return loop.run_until_complete(main)
  File "/opt/homebrew/Cellar/python@3.10/3.10.9/Frameworks/Python.framework/Versions/3.10/lib/python3.10/asyncio/base_events.py", line 649, in run_until_complete
    return future.result()
  File "/Users/ankit/Documents/Omnivore_Refactor/omnivore/app.py", line 205, in start_upload_to_salesforce
    await gather(*[loop.run_in_executor(None, self.upload_to_salesforce, row, HPC_ID) for row in data])
  File "/opt/homebrew/Cellar/python@3.10/3.10.9/Frameworks/Python.framework/Versions/3.10/lib/python3.10/concurrent/futures/thread.py", line 58, in run
    result = self.fn(*self.args, **self.kwargs)
  File "/Users/ankit/Documents/Omnivore_Refactor/omnivore/app.py", line 185, in upload_to_salesforce
    raise err
  File "/Users/ankit/Documents/Omnivore_Refactor/omnivore/app.py", line 145, in upload_to_salesforce
    res: Create = self.sf.sf.Opportunity.create(payload)  # type:ignore
  File "/Users/ankit/Documents/Omnivore_Refactor/.venv/lib/python3.10/site-packages/simple_salesforce/api.py", line 840, in create
    result = self._call_salesforce(
  File "/Users/ankit/Documents/Omnivore_Refactor/.venv/lib/python3.10/site-packages/simple_salesforce/api.py", line 964, in _call_salesforce
    exception_handler(result, self.name)
  File "/Users/ankit/Documents/Omnivore_Refactor/.venv/lib/python3.10/site-packages/simple_salesforce/util.py", line 68, in exception_handler
    raise exc_cls(result.url, result.status_code, name, response_content)
simple_salesforce.exceptions.SalesforceMalformedRequest: Malformed request https://allinenergy--omnivore.sandbox.my.salesforce.com/services/data/v52.0/sobjects/Opportunity/. Response content: [{'message': 'insufficient access rights on cross-reference id: 7013i000000i5vN', 'errorCode': 'INSUFFICIENT_ACCESS_ON_CROSS_REFERENCE_ENTITY', 'fields': []}]

2023-07-20 16:08:06,385 - ERROR - Malformed request https://allinenergy--omnivore.sandbox.my.salesforce.com/services/data/v52.0/sobjects/Opportunity/. Response content: [{'message': 'insufficient access rights on cross-reference id: 7013i000000i5vN', 'errorCode': 'INSUFFICIENT_ACCESS_ON_CROSS_REFERENCE_ENTITY', 'fields': []}]
2023-07-20 16:08:06,386 - DEBUG - Finished running Omnivore
